<?xml version="1.0" encoding="UTF-8"?>
<!-- Generated by org.testng.reporters.JUnitReportReporter -->
<testsuite hostname="TYSS-Sumanth-Chinivar" failures="0" tests="1" name="runners.FailedRunner" time="2.848" errors="0" timestamp="2024-10-28T15:42:07 IST" skipped="0">
  <testcase classname="runners.FailedRunner" name="runScenario" time="2.848"/>
</testsuite> <!-- runners.FailedRunner -->
