<?xml version="1.0" encoding="UTF-8"?>
<!-- Generated by org.testng.reporters.JUnitReportReporter -->
<testsuite hostname="TYSS-Sumanth-Chinivar" failures="0" tests="10" name="runners.CucumberRunner" time="31.351" errors="0" timestamp="2024-10-29T13:24:33 IST" skipped="0">
  <testcase classname="runners.CucumberRunner" name="runScenario" time="2.545"/>
  <testcase classname="runners.CucumberRunner" name="runScenario" time="2.938"/>
  <testcase classname="runners.CucumberRunner" name="runScenario" time="7.461"/>
  <testcase classname="runners.CucumberRunner" name="runScenario" time="1.999"/>
  <testcase classname="runners.CucumberRunner" name="runScenario" time="2.898"/>
  <testcase classname="runners.CucumberRunner" name="runScenario" time="3.071">
    <system-out>
      <![CDATA[SauceCard #31337
Free Pony Express Delivery!
SauceCard #31337]]>
    </system-out>
  </testcase> <!-- runScenario -->
  <testcase classname="runners.CucumberRunner" name="runScenario" time="2.637"/>
  <testcase classname="runners.CucumberRunner" name="runScenario" time="2.526"/>
  <testcase classname="runners.CucumberRunner" name="runScenario" time="2.476"/>
  <testcase classname="runners.CucumberRunner" name="runScenario" time="2.800"/>
  <system-out>
    <![CDATA[SauceCard #31337
Free Pony Express Delivery!
SauceCard #31337]]>
  </system-out>
</testsuite> <!-- runners.CucumberRunner -->
